# JRE version: OpenJDK Runtime Environment Temurin-17.0.5+8 (17.0.5+8) (build 17.0.5+8)
# Java VM: OpenJDK 64-Bit Server VM Temurin-17.0.5+8 (17.0.5+8, mixed mode, emulated-client, tiered, compressed oops, compressed class ptrs, g1 gc, windows-amd64)
GC Precious Log:
 CPUs: 8 total, 8 available
 Memory: 10116M
 Large Page Support: Disabled
 NUMA Support: Disabled
 Compressed Oops: Enabled (Zero based)
 Heap Region Size: 2M
 Heap Min Capacity: 8M
 Heap Initial Capacity: 160M
 Heap Max Capacity: 2530M
 Pre-touch: Disabled
 Parallel Workers: 8
 Concurrent Workers: 2
 Concurrent Refinement Workers: 8
 Periodic GC: Disabled
Heap:
 garbage-first heap   total 899072K, used 206130K [0x0000000761e00000, 0x0000000800000000)
  region size 2048K, 6 young (12288K), 6 survivors (12288K)
 Metaspace       used 69580K, committed 70016K, reserved 1114112K
  class space    used 9371K, committed 9536K, reserved 1048576K
GC Heap History (20 events):
Event: 8776.893 GC heap after
{Heap after GC invocations=1024 (full 317):
 garbage-first heap   total 552960K, used 141406K [0x0000000761e00000, 0x0000000800000000)
  region size 2048K, 2 young (4096K), 2 survivors (4096K)
 Metaspace       used 69580K, committed 70016K, reserved 1114112K
  class space    used 9371K, committed 9536K, reserved 1048576K
}
Event: 8778.464 GC heap before
{Heap before GC invocations=1024 (full 317):
 garbage-first heap   total 552960K, used 448606K [0x0000000761e00000, 0x0000000800000000)
  region size 2048K, 152 young (311296K), 2 survivors (4096K)
 Metaspace       used 69580K, committed 70016K, reserved 1114112K
  class space    used 9371K, committed 9536K, reserved 1048576K
}
Event: 8778.477 GC heap after
{Heap after GC invocations=1025 (full 317):
 garbage-first heap   total 552960K, used 154245K [0x0000000761e00000, 0x0000000800000000)
  region size 2048K, 8 young (16384K), 8 survivors (16384K)
 Metaspace       used 69580K, committed 70016K, reserved 1114112K
  class space    used 9371K, committed 9536K, reserved 1048576K
}
Event: 8785.304 GC heap before
{Heap before GC invocations=1026 (full 317):
 garbage-first heap   total 532480K, used 446397K [0x0000000761e00000, 0x0000000800000000)
  region size 2048K, 152 young (311296K), 8 survivors (16384K)
 Metaspace       used 69580K, committed 70016K, reserved 1114112K
  class space    used 9371K, committed 9536K, reserved 1048576K
}
Event: 8785.311 GC heap after
{Heap after GC invocations=1027 (full 317):
 garbage-first heap   total 532480K, used 149486K [0x0000000761e00000, 0x0000000800000000)
  region size 2048K, 6 young (12288K), 6 survivors (12288K)
 Metaspace       used 69580K, committed 70016K, reserved 1114112K
  class space    used 9371K, committed 9536K, reserved 1048576K
}
Event: 8785.333 GC heap before
{Heap before GC invocations=1027 (full 317):
 garbage-first heap   total 532480K, used 163822K [0x0000000761e00000, 0x0000000800000000)
  region size 2048K, 13 young (26624K), 6 survivors (12288K)
 Metaspace       used 69580K, committed 70016K, reserved 1114112K
  class space    used 9371K, committed 9536K, reserved 1048576K
}
Event: 8785.339 GC heap after
{Heap after GC invocations=1028 (full 317):
 garbage-first heap   total 532480K, used 144184K [0x0000000761e00000, 0x0000000800000000)
  region size 2048K, 2 young (4096K), 2 survivors (4096K)
 Metaspace       used 69580K, committed 70016K, reserved 1114112K
  class space    used 9371K, committed 9536K, reserved 1048576K
}
Event: 8787.963 GC heap before
{Heap before GC invocations=1028 (full 317):
 garbage-first heap   total 532480K, used 379704K [0x0000000761e00000, 0x0000000800000000)
  region size 2048K, 119 young (243712K), 2 survivors (4096K)
 Metaspace       used 69580K, committed 70016K, reserved 1114112K
  class space    used 9371K, committed 9536K, reserved 1048576K
}
Event: 8787.977 GC heap after
{Heap after GC invocations=1029 (full 317):
 garbage-first heap   total 532480K, used 160019K [0x0000000761e00000, 0x0000000800000000)
  region size 2048K, 9 young (18432K), 9 survivors (18432K)
 Metaspace       used 69580K, committed 70016K, reserved 1114112K
  class space    used 9371K, committed 9536K, reserved 1048576K
}
Event: 8789.542 GC heap before
{Heap before GC invocations=1030 (full 317):
 garbage-first heap   total 532480K, used 430355K [0x0000000761e00000, 0x0000000800000000)
  region size 2048K, 142 young (290816K), 9 survivors (18432K)
 Metaspace       used 69580K, committed 70016K, reserved 1114112K
  class space    used 9371K, committed 9536K, reserved 1048576K
}
Event: 8789.574 GC heap after
{Heap after GC invocations=1031 (full 317):
 garbage-first heap   total 532480K, used 195266K [0x0000000761e00000, 0x0000000800000000)
  region size 2048K, 18 young (36864K), 18 survivors (36864K)
 Metaspace       used 69580K, committed 70016K, reserved 1114112K
  class space    used 9371K, committed 9536K, reserved 1048576K
}
Event: 8789.582 GC heap before
{Heap before GC invocations=1031 (full 317):
 garbage-first heap   total 532480K, used 197314K [0x0000000761e00000, 0x0000000800000000)
  region size 2048K, 19 young (38912K), 18 survivors (36864K)
 Metaspace       used 69580K, committed 70016K, reserved 1114112K
  class space    used 9371K, committed 9536K, reserved 1048576K
}
Event: 8789.600 GC heap after
{Heap after GC invocations=1032 (full 317):
 garbage-first heap   total 532480K, used 195923K [0x0000000761e00000, 0x0000000800000000)
  region size 2048K, 3 young (6144K), 3 survivors (6144K)
 Metaspace       used 69580K, committed 70016K, reserved 1114112K
  class space    used 9371K, committed 9536K, reserved 1048576K
}
Event: 8789.784 GC heap before
{Heap before GC invocations=1032 (full 317):
 garbage-first heap   total 532480K, used 230739K [0x0000000761e00000, 0x0000000800000000)
  region size 2048K, 21 young (43008K), 3 survivors (6144K)
 Metaspace       used 69580K, committed 70016K, reserved 1114112K
  class space    used 9371K, committed 9536K, reserved 1048576K
}
Event: 8789.790 GC heap after
{Heap after GC invocations=1033 (full 317):
 garbage-first heap   total 532480K, used 197213K [0x0000000761e00000, 0x0000000800000000)
  region size 2048K, 4 young (8192K), 4 survivors (8192K)
 Metaspace       used 69580K, committed 70016K, reserved 1114112K
  class space    used 9371K, committed 9536K, reserved 1048576K
}
Event: 8794.168 GC heap before
{Heap before GC invocations=1034 (full 317):
 garbage-first heap   total 532480K, used 412253K [0x0000000761e00000, 0x0000000800000000)
  region size 2048K, 109 young (223232K), 4 survivors (8192K)
 Metaspace       used 69580K, committed 70016K, reserved 1114112K
  class space    used 9371K, committed 9536K, reserved 1048576K
}
Event: 8794.183 GC heap after
{Heap after GC invocations=1035 (full 317):
 garbage-first heap   total 532480K, used 207286K [0x0000000761e00000, 0x0000000800000000)
  region size 2048K, 10 young (20480K), 10 survivors (20480K)
 Metaspace       used 69580K, committed 70016K, reserved 1114112K
  class space    used 9371K, committed 9536K, reserved 1048576K
}
Event: 8794.192 GC heap before
{Heap before GC invocations=1035 (full 317):
 garbage-first heap   total 532480K, used 213430K [0x0000000761e00000, 0x0000000800000000)
  region size 2048K, 13 young (26624K), 10 survivors (20480K)
 Metaspace       used 69580K, committed 70016K, reserved 1114112K
  class space    used 9371K, committed 9536K, reserved 1048576K
}
Event: 8794.202 GC heap after
{Heap after GC invocations=1036 (full 317):
 garbage-first heap   total 532480K, used 197561K [0x0000000761e00000, 0x0000000800000000)
  region size 2048K, 2 young (4096K), 2 survivors (4096K)
 Metaspace       used 69580K, committed 70016K, reserved 1114112K
  class space    used 9371K, committed 9536K, reserved 1048576K
}
Event: 8796.276 GC heap before
{Heap before GC invocations=1036 (full 317):
 garbage-first heap   total 532480K, used 416697K [0x0000000761e00000, 0x0000000800000000)
  region size 2048K, 109 young (223232K), 2 survivors (4096K)
 Metaspace       used 69580K, committed 70016K, reserved 1114112K
  class space    used 9371K, committed 9536K, reserved 1048576K
}

